2025-05-07 11:35:58,633 - INFO - Arquivo master criado em C:\Users\ACER\OneDrive\Documentos\cdp\Atividade2\RMI-Files-Synchronization\server\master.txt
2025-05-07 11:35:58,637 - INFO - Inicialização de arquivos concluída com sucesso
2025-05-07 11:35:58,637 - INFO - Arquivos do servidor inicializados com sucesso
2025-05-07 11:35:58,673 - INFO - Servidor RMI rodando em http://localhost:8000
2025-05-07 11:35:58,673 - INFO - Pressione Ctrl+C para encerrar...
2025-05-07 11:36:39,723 - INFO - Requisição recebida: check_master_version
2025-05-07 11:38:43,147 - INFO - Requisição recebida: check_master_version
2025-05-07 11:38:45,205 - INFO - Requisição recebida: get_file_content
2025-05-07 11:38:52,270 - INFO - Requisição recebida: check_master_version
2025-05-07 11:38:59,333 - INFO - Requisição recebida: check_master_version
2025-05-07 11:39:06,403 - INFO - Requisição recebida: check_master_version
2025-05-07 11:39:13,481 - INFO - Requisição recebida: check_master_version
2025-05-07 11:39:20,553 - INFO - Requisição recebida: check_master_version
2025-05-07 11:39:27,589 - INFO - Requisição recebida: check_master_version
2025-05-07 11:39:34,695 - INFO - Requisição recebida: check_master_version
2025-05-07 11:39:41,772 - INFO - Requisição recebida: check_master_version
2025-05-07 11:39:48,822 - INFO - Requisição recebida: check_master_version
2025-05-07 11:39:55,872 - INFO - Requisição recebida: check_master_version
2025-05-07 11:40:02,914 - INFO - Requisição recebida: check_master_version
2025-05-07 11:40:04,964 - INFO - Requisição recebida: get_file_content
2025-05-07 11:40:12,043 - INFO - Requisição recebida: check_master_version
2025-05-07 11:40:19,116 - INFO - Requisição recebida: check_master_version
2025-05-07 11:40:26,190 - INFO - Requisição recebida: check_master_version
2025-05-07 11:40:33,256 - INFO - Requisição recebida: check_master_version
2025-05-07 11:40:40,313 - INFO - Requisição recebida: check_master_version
2025-05-07 11:40:47,369 - INFO - Requisição recebida: check_master_version
2025-05-07 11:40:54,434 - INFO - Requisição recebida: check_master_version
2025-05-07 11:41:01,490 - INFO - Requisição recebida: check_master_version
